<?xml version="1.0" encoding="UTF-8"?>
<!-- Generated by org.testng.reporters.JUnitReportReporter -->
<testsuite hostname="LAPTOP-N8VHLQRP" failures="0" tests="1" name="org.hcl.loginpage.SampleTest" time="0.004" errors="0" timestamp="2023-09-13T10:22:21 IST" skipped="0">
  <testcase classname="org.hcl.loginpage.SampleTest" name="demoone" time="0.004"/>
</testsuite> <!-- org.hcl.loginpage.SampleTest -->
