<?xml version="1.0" encoding="UTF-8"?>
<!-- Generated by org.testng.reporters.JUnitReportReporter -->
<testsuite hostname="LAPTOP-N8VHLQRP" failures="0" tests="1" name="org.hcl.loginpage.LoginTest" time="3.019" errors="0" timestamp="2023-09-13T10:22:21 IST" skipped="0">
  <testcase classname="org.hcl.loginpage.LoginTest" name="login" time="3.019"/>
</testsuite> <!-- org.hcl.loginpage.LoginTest -->
