<?xml version="1.0" encoding="UTF-8"?>
<!-- Generated by org.testng.reporters.JUnitReportReporter -->
<testsuite hostname="LAPTOP-N8VHLQRP" failures="0" tests="1" name="org.hcl.loginpage.demo" time="0.003" errors="0" timestamp="2023-09-12T12:10:44 IST" skipped="0">
  <testcase classname="org.hcl.loginpage.demo" name="test1" time="0.003"/>
</testsuite> <!-- org.hcl.loginpage.demo -->
