<?xml version="1.0" encoding="UTF-8"?>
<!-- Generated by org.testng.reporters.JUnitReportReporter -->
<testsuite hostname="LAPTOP-N8VHLQRP" failures="0" tests="1" name="org.hcl.loginpage.SampleTest" time="0.002" errors="0" timestamp="2023-09-12T18:01:46 IST" skipped="0">
  <testcase classname="org.hcl.loginpage.SampleTest" name="demoone" time="0.002"/>
</testsuite> <!-- org.hcl.loginpage.SampleTest -->
