<?xml version="1.0" encoding="UTF-8"?>
<!-- Generated by org.testng.reporters.JUnitReportReporter -->
<testsuite hostname="LAPTOP-N8VHLQRP" failures="0" tests="1" name="org.hcl.loginpage.demoap" time="0.004" errors="0" timestamp="2023-09-12T12:24:18 IST" skipped="0">
  <testcase classname="org.hcl.loginpage.demoap" name="testMode" time="0.004"/>
</testsuite> <!-- org.hcl.loginpage.demoap -->
